C:\Program Files (x86)\Microsoft Visual Studio\2017\Community\Common7\IDE\VC\VCTargets\Microsoft.CppBuild.targets(376,5): warning MSB8004: El directorio Intermediate no termina con una barra diagonal final. Esta instancia de compilación agregará la barra diagonal porque es necesaria para que se pueda evaluar correctamente el directorio Intermediate.
  application.cpp
e:\documentos\upf\year3\t2\cg\p3\src\framework\application.cpp(162): warning C4060: la instrucción switch no contiene etiquetas 'case' ni 'default'
  image.cpp
e:\documentos\upf\year3\t2\cg\p3\src\framework\image.cpp(359): warning C4244: 'inicializando': conversión de 'float' a 'int'; posible pérdida de datos
e:\documentos\upf\year3\t2\cg\p3\src\framework\image.cpp(360): warning C4244: 'inicializando': conversión de 'float' a 'int'; posible pérdida de datos
e:\documentos\upf\year3\t2\cg\p3\src\framework\image.cpp(361): warning C4244: 'inicializando': conversión de 'float' a 'int'; posible pérdida de datos
e:\documentos\upf\year3\t2\cg\p3\src\framework\image.cpp(363): warning C4244: 'argumento': conversión de 'int' a 'float'; posible pérdida de datos
e:\documentos\upf\year3\t2\cg\p3\src\framework\image.cpp(365): warning C4244: 'argumento': conversión de 'float' a 'unsigned int'; posible pérdida de datos
  mesh.cpp
e:\documentos\upf\year3\t2\cg\p3\src\framework\mesh.cpp(145): warning C4018: '<': no coinciden signed/unsigned
e:\documentos\upf\year3\t2\cg\p3\src\framework\mesh.cpp(182): warning C4267: 'inicializando': conversión de 'size_t' a 'char'; posible pérdida de datos
  utils.cpp
  Generando código
  3 of 411 functions ( 0.7%) were compiled, the rest were copied from previous compilation.
    0 functions were new in current compilation
    6 functions had inline decision re-evaluated but remain unchanged
  Generación de código finalizada
  visual.vcxproj -> E:\Documentos\UPF\YEAR3\T2\CG\P3\visual\visual\..\..\build\ComputerGraphics.exe
  0 archivo(s) copiado(s)
  0 archivo(s) copiado(s)
